[debug] [2023-06-15T18:24:49.959Z] ----------------------------------------------------------------------
[debug] [2023-06-15T18:24:49.960Z] Command:       /usr/local/bin/node /Users/apple/.npm-global/bin/firebase init
[debug] [2023-06-15T18:24:49.960Z] CLI Version:   12.3.1
[debug] [2023-06-15T18:24:49.960Z] Platform:      darwin
[debug] [2023-06-15T18:24:49.960Z] Node Version:  v16.15.1
[debug] [2023-06-15T18:24:49.961Z] Time:          Thu Jun 15 2023 14:24:49 GMT-0400 (Eastern Daylight Time)
[debug] [2023-06-15T18:24:49.961Z] ----------------------------------------------------------------------
[debug] 
[debug] [2023-06-15T18:24:49.964Z] > command requires scopes: ["email","openid","https://www.googleapis.com/auth/cloudplatformprojects.readonly","https://www.googleapis.com/auth/firebase","https://www.googleapis.com/auth/cloud-platform"]
[debug] [2023-06-15T18:24:49.964Z] > authorizing via signed-in user (quchen.canada@gmail.com)
[info] 
     ######## #### ########  ######## ########     ###     ######  ########
     ##        ##  ##     ## ##       ##     ##  ##   ##  ##       ##
     ######    ##  ########  ######   ########  #########  ######  ######
     ##        ##  ##    ##  ##       ##     ## ##     ##       ## ##
     ##       #### ##     ## ######## ########  ##     ##  ######  ########

You're about to initialize a Firebase project in this directory:

  /Users/apple/Documents/React/project

[info] 
=== Project Setup
[info] 
[info] First, let's associate this project directory with a Firebase project.
[info] You can create multiple project aliases by running firebase use --add, 
[info] but for now we'll just set up a default project.
[info] 
[debug] [2023-06-15T18:25:48.262Z] >>> [apiv2][query] GET https://firebase.googleapis.com/v1beta1/projects pageSize=100
[debug] [2023-06-15T18:25:48.911Z] <<< [apiv2][status] GET https://firebase.googleapis.com/v1beta1/projects 200
[debug] [2023-06-15T18:25:48.911Z] <<< [apiv2][body] GET https://firebase.googleapis.com/v1beta1/projects [omitted]
[info] i  Using project react-course-e6940 (react-course) 
[info] 
=== Hosting Setup
[info] 
[info] Your public directory is the folder (relative to your project directory) that
[info] will contain Hosting assets to be uploaded with firebase deploy. If you
[info] have a build process for your assets, use your build's output directory.
[info] 
[info] ✔  Wrote public/404.html 
[debug] [2023-06-15T18:27:34.105Z] >>> [apiv2][query] GET https://www.gstatic.com/firebasejs/releases.json [none]
[debug] [2023-06-15T18:27:34.198Z] <<< [apiv2][status] GET https://www.gstatic.com/firebasejs/releases.json 200
[debug] [2023-06-15T18:27:34.198Z] <<< [apiv2][body] GET https://www.gstatic.com/firebasejs/releases.json {"current":{"version":"9.22.2","browserURL":"https://www.gstatic.com/firebasejs/9.22.2/firebase.js","packageURL":"https://www.gstatic.com/firebasejs/9.22.2/firebase.tgz"},"live":{"version":"9.22","browserURL":"https://www.gstatic.com/firebasejs/live/9.22/firebase.js","packageURL":"https://www.gstatic.com/firebasejs/live/9.22/firebase.tgz"},"components":{"analytics":"https://www.gstatic.com/firebasejs/9.22.2/firebase-analytics.js","app":"https://www.gstatic.com/firebasejs/9.22.2/firebase-app.js","app-check":"https://www.gstatic.com/firebasejs/9.22.2/firebase-app-check.js","auth":"https://www.gstatic.com/firebasejs/9.22.2/firebase-auth.js","auth/cordova":"https://www.gstatic.com/firebasejs/9.22.2/firebase-auth/cordova.js","auth/react-native":"https://www.gstatic.com/firebasejs/9.22.2/firebase-auth/react-native.js","functions":"https://www.gstatic.com/firebasejs/9.22.2/firebase-functions.js","firestore":"https://www.gstatic.com/firebasejs/9.22.2/firebase-firestore.js","firestore/lite":"https://www.gstatic.com/firebasejs/9.22.2/firebase-firestore/lite.js","installations":"https://www.gstatic.com/firebasejs/9.22.2/firebase-installations.js","storage":"https://www.gstatic.com/firebasejs/9.22.2/firebase-storage.js","performance":"https://www.gstatic.com/firebasejs/9.22.2/firebase-performance.js","remote-config":"https://www.gstatic.com/firebasejs/9.22.2/firebase-remote-config.js","messaging":"https://www.gstatic.com/firebasejs/9.22.2/firebase-messaging.js","messaging/sw":"https://www.gstatic.com/firebasejs/9.22.2/firebase-messaging/sw.js","database":"https://www.gstatic.com/firebasejs/9.22.2/firebase-database.js","firestore.memory":"https://www.gstatic.com/firebasejs/9.22.2/firebase-firestore.memory.js"}}
[info] i  Skipping write of public/index.html 
[info] 
[info] i  Detected a .git folder at /Users/apple/Documents/React/project 
[info] i  Authorizing with GitHub to upload your service account to a GitHub repository's secrets store. 
[info] 
[info] Visit this URL on this device to log in:
[info] https://github.com/login/oauth/authorize?client_id=89cf50f02ac6aaed3484&state=355392558&redirect_uri=http%3A%2F%2Flocalhost%3A9005&scope=read%3Auser%20repo%20public_repo
[info] 
[info] Waiting for authentication...
[debug] [2023-06-15T18:28:16.775Z] >>> [apiv2][query] POST https://github.com/login/oauth/access_token [none]
[debug] [2023-06-15T18:28:16.776Z] >>> [apiv2][body] POST https://github.com/login/oauth/access_token [stream]
[debug] [2023-06-15T18:28:17.021Z] <<< [apiv2][status] POST https://github.com/login/oauth/access_token 200
[debug] [2023-06-15T18:28:17.021Z] <<< [apiv2][body] POST https://github.com/login/oauth/access_token {"access_token":"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","token_type":"bearer","scope":"read:user,repo"}
[debug] [2023-06-15T18:28:17.029Z] >>> [apiv2][query] GET https://api.github.com/user [none]
[debug] [2023-06-15T18:28:17.288Z] <<< [apiv2][status] GET https://api.github.com/user 200
[debug] [2023-06-15T18:28:17.288Z] <<< [apiv2][body] GET https://api.github.com/user {"login":"Malcolm-1218","id":55722842,"node_id":"MDQ6VXNlcjU1NzIyODQy","avatar_url":"https://avatars.githubusercontent.com/u/55722842?v=4","gravatar_id":"","url":"https://api.github.com/users/Malcolm-1218","html_url":"https://github.com/Malcolm-1218","followers_url":"https://api.github.com/users/Malcolm-1218/followers","following_url":"https://api.github.com/users/Malcolm-1218/following{/other_user}","gists_url":"https://api.github.com/users/Malcolm-1218/gists{/gist_id}","starred_url":"https://api.github.com/users/Malcolm-1218/starred{/owner}{/repo}","subscriptions_url":"https://api.github.com/users/Malcolm-1218/subscriptions","organizations_url":"https://api.github.com/users/Malcolm-1218/orgs","repos_url":"https://api.github.com/users/Malcolm-1218/repos","events_url":"https://api.github.com/users/Malcolm-1218/events{/privacy}","received_events_url":"https://api.github.com/users/Malcolm-1218/received_events","type":"User","site_admin":false,"name":"Chen Qu","company":null,"blog":"","location":"Toronto","email":null,"hireable":null,"bio":"CS student at UWO","twitter_username":null,"public_repos":10,"public_gists":0,"followers":1,"following":1,"created_at":"2019-09-24T00:52:51Z","updated_at":"2023-05-16T21:33:41Z","private_gists":0,"total_private_repos":1,"owned_private_repos":1,"disk_usage":181108,"collaborators":0,"two_factor_authentication":false,"plan":{"name":"pro","space":976562499,"collaborators":0,"private_repos":9999}}
[info] 
[info] ✔  Success! Logged into GitHub as Malcolm-1218 
[info] 
